<?xml version="1.0" encoding="UTF-8"?>
<!-- Generated by org.testng.reporters.JUnitReportReporter -->
<testsuite skipped="0" hostname="PRASAD" name="com.sel.tests.LoginTest" tests="1" failures="0" timestamp="25 Dec 2018 06:31:37 GMT" time="4.250" errors="0">
  <testcase name="loginWithValidCredentials" time="4.250" classname="com.sel.tests.LoginTest"/>
</testsuite> <!-- com.sel.tests.LoginTest -->
